modules/x-engine-native-viewer_original/android/native-viewer_original/build/intermediates/manifest_merge_blame_file/debug/manifest-merger-blame-debug-report.txt
1<?xml version="1.0" encoding="utf-8"?>
2<manifest xmlns:android="http://schemas.android.com/apk/res/android"
3    package="module.viewer_original"
4    android:versionCode="1"
5    android:versionName="1.0.0" >
6
7    <uses-sdk
8        android:minSdkVersion="19"
8-->src/main/AndroidManifest.xml
9        android:targetSdkVersion="29" />
9-->src/main/AndroidManifest.xml
10
11    <uses-permission android:name="android.permission.INTERNET" />
11-->src/main/AndroidManifest.xml:4:5-67
11-->src/main/AndroidManifest.xml:4:22-64
12    <uses-permission android:name="android.permission.WRITE_EXTERNAL_STORAGE" />
12-->src/main/AndroidManifest.xml:5:5-81
12-->src/main/AndroidManifest.xml:5:22-78
13    <uses-permission android:name="android.permission.READ_EXTERNAL_STORAGE" />
13-->src/main/AndroidManifest.xml:6:5-80
13-->src/main/AndroidManifest.xml:6:22-77
14
15    <application>
15-->src/main/AndroidManifest.xml:8:5-25:19
16        <meta-data
16-->src/main/AndroidManifest.xml:10:9-12:84
17            android:name="com.zkty.native.viewer_original"
17-->src/main/AndroidManifest.xml:11:13-59
18            android:value="com.zkty.nativ.viewer_original.Nativeviewer_original" />
18-->src/main/AndroidManifest.xml:12:13-81
19
20        <activity
20-->src/main/AndroidManifest.xml:14:9-16:15
21            android:name="com.zkty.nativ.viewer_original.activity.PreViewActivity"
21-->src/main/AndroidManifest.xml:14:19-89
22            android:screenOrientation="portrait" />
22-->src/main/AndroidManifest.xml:15:13-49
23        <activity
23-->src/main/AndroidManifest.xml:17:9-19:15
24            android:name="com.zkty.nativ.viewer_original.activity.PrePdfViewActivity"
24-->src/main/AndroidManifest.xml:17:19-92
25            android:screenOrientation="portrait" />
25-->src/main/AndroidManifest.xml:18:13-49
26
27        <service
27-->src/main/AndroidManifest.xml:20:9-24:19
28            android:name="com.tencent.smtt.export.external.DexClassLoaderProviderService"
28-->src/main/AndroidManifest.xml:21:13-90
29            android:label="dexopt"
29-->src/main/AndroidManifest.xml:22:13-35
30            android:process=":dexopt" >
30-->src/main/AndroidManifest.xml:23:13-38
31        </service>
32    </application>
33
34</manifest>